<?xml version="1.0" encoding="UTF-8"?>
<!-- Generated by org.testng.reporters.JUnitReportReporter -->
<testsuite skipped="0" hostname="DESKTOP-79F375V" name="com.invia.qa.testcases.HomePageTest" tests="2" failures="0" timestamp="26 Sep 2019 17:19:56 GMT" time="56.072" errors="0">
  <testcase name="runTestScript" time="33.996" classname="com.invia.qa.testcases.HomePageTest"/>
  <testcase name="selectHotelTest" time="22.076" classname="com.invia.qa.testcases.HomePageTest"/>
</testsuite> <!-- com.invia.qa.testcases.HomePageTest -->
