<?xml version="1.0" encoding="UTF-8"?>
<!-- Generated by org.testng.reporters.JUnitReportReporter -->
<testsuite skipped="0" hostname="DESKTOP-79F375V" name="com.invia.qa.testcases.HomePageTest" tests="1" failures="0" timestamp="26 Sep 2019 03:51:53 GMT" time="36.309" errors="0">
  <testcase name="runTestScript" time="36.309" classname="com.invia.qa.testcases.HomePageTest"/>
</testsuite> <!-- com.invia.qa.testcases.HomePageTest -->
