<?xml version="1.0" encoding="UTF-8"?>
<!-- Generated by org.testng.reporters.JUnitReportReporter -->
<testsuite skipped="0" hostname="DESKTOP-79F375V" name="com.invia.qa.testcases.HotelDetailsPageTest" tests="1" failures="0" timestamp="24 Sep 2019 20:39:18 GMT" time="19.333" errors="0">
  <testcase name="selectHotelsTest" time="19.333" classname="com.invia.qa.testcases.HotelDetailsPageTest"/>
</testsuite> <!-- com.invia.qa.testcases.HotelDetailsPageTest -->
